<?xml version="1.0" encoding="UTF-8"?>
<!-- Generated by org.testng.reporters.JUnitReportReporter -->
<testsuite hostname="EPHUBUDW2232" name="tests.weapons.LaserBeamTest" tests="40" failures="0" timestamp="8 Aug 2016 11:00:28 GMT" time="0.060" errors="0">
  <testcase name="testHitCheckerForLaserBeam" time="0.001" classname="tests.weapons.LaserBeamTest"/>
  <testcase name="testHitCheckerForLaserBeam" time="0.000" classname="tests.weapons.LaserBeamTest"/>
  <testcase name="testHitCheckerForLaserBeam" time="0.001" classname="tests.weapons.LaserBeamTest"/>
  <testcase name="testHitCheckerForLaserBeam" time="0.000" classname="tests.weapons.LaserBeamTest"/>
  <testcase name="testLaserBeam_shouldCreateLaserBeam_YCoordinate" time="0.001" classname="tests.weapons.LaserBeamTest"/>
  <testcase name="testHitCheckerForLaserBeam" time="0.012" classname="tests.weapons.LaserBeamTest"/>
  <testcase name="testHitCheckerForLaserBeam" time="0.002" classname="tests.weapons.LaserBeamTest"/>
  <testcase name="testHitCheckerForLaserBeam" time="0.001" classname="tests.weapons.LaserBeamTest"/>
  <testcase name="testHitCheckerForLaserBeam" time="0.002" classname="tests.weapons.LaserBeamTest"/>
  <testcase name="testHitCheckerForLaserBeam" time="0.001" classname="tests.weapons.LaserBeamTest"/>
  <testcase name="testHitCheckerForLaserBeam" time="0.001" classname="tests.weapons.LaserBeamTest"/>
  <testcase name="testHitCheckerForLaserBeam" time="0.000" classname="tests.weapons.LaserBeamTest"/>
  <testcase name="testHitCheckerForLaserBeam" time="0.002" classname="tests.weapons.LaserBeamTest"/>
  <testcase name="testHitCheckerForLaserBeam" time="0.005" classname="tests.weapons.LaserBeamTest"/>
  <testcase name="testHitCheckerForLaserBeam" time="0.001" classname="tests.weapons.LaserBeamTest"/>
  <testcase name="testLaserBeam_shouldCreateLaserBeam_YCoordinate" time="0.001" classname="tests.weapons.LaserBeamTest"/>
  <testcase name="testHitCheckerForLaserBeam" time="0.001" classname="tests.weapons.LaserBeamTest"/>
  <testcase name="testLaserBeam_shouldCreateLaserBeam_XCoordinate" time="0.001" classname="tests.weapons.LaserBeamTest"/>
  <testcase name="testLaserBeam_shouldCreateLaserBeam_XCoordinate" time="0.000" classname="tests.weapons.LaserBeamTest"/>
  <testcase name="testHitCheckerForLaserBeam" time="0.003" classname="tests.weapons.LaserBeamTest"/>
  <testcase name="testHitCheckerForLaserBeam" time="0.001" classname="tests.weapons.LaserBeamTest"/>
  <testcase name="testHitCheckerForLaserBeam" time="0.002" classname="tests.weapons.LaserBeamTest"/>
  <testcase name="testHitCheckerForLaserBeam" time="0.001" classname="tests.weapons.LaserBeamTest"/>
  <testcase name="testHitCheckerForLaserBeam" time="0.003" classname="tests.weapons.LaserBeamTest"/>
  <testcase name="testHitCheckerForLaserBeam" time="0.003" classname="tests.weapons.LaserBeamTest"/>
  <testcase name="testLaserBeam_shouldCreateLaserBeam_YCoordinate" time="0.001" classname="tests.weapons.LaserBeamTest"/>
  <testcase name="testHitCheckerForLaserBeam" time="0.001" classname="tests.weapons.LaserBeamTest"/>
  <testcase name="testLaserBeam_shouldCreateLaserBeam_YCoordinate" time="0.001" classname="tests.weapons.LaserBeamTest"/>
  <testcase name="testHitCheckerForLaserBeam" time="0.002" classname="tests.weapons.LaserBeamTest"/>
  <testcase name="testHitCheckerForLaserBeam" time="0.000" classname="tests.weapons.LaserBeamTest"/>
  <testcase name="testHitCheckerForLaserBeam" time="0.001" classname="tests.weapons.LaserBeamTest"/>
  <testcase name="testHitCheckerForLaserBeam" time="0.001" classname="tests.weapons.LaserBeamTest"/>
  <testcase name="testHitCheckerForLaserBeam" time="0.000" classname="tests.weapons.LaserBeamTest"/>
  <testcase name="testHitCheckerForLaserBeam" time="0.001" classname="tests.weapons.LaserBeamTest"/>
  <testcase name="testHitCheckerForLaserBeam" time="0.001" classname="tests.weapons.LaserBeamTest"/>
  <testcase name="testLaserBeam_shouldCreateLaserBeam_XCoordinate" time="0.001" classname="tests.weapons.LaserBeamTest"/>
  <testcase name="testLaserBeam_shouldCreateLaserBeam_XCoordinate" time="0.001" classname="tests.weapons.LaserBeamTest"/>
  <testcase name="testHitCheckerForLaserBeam" time="0.002" classname="tests.weapons.LaserBeamTest"/>
  <testcase name="testHitCheckerForLaserBeam" time="0.000" classname="tests.weapons.LaserBeamTest"/>
  <testcase name="testHitCheckerForLaserBeam" time="0.001" classname="tests.weapons.LaserBeamTest"/>
</testsuite> <!-- tests.weapons.LaserBeamTest -->
