<?xml version="1.0" encoding="UTF-8"?>
<!-- Generated by org.testng.reporters.JUnitReportReporter -->
<testsuite hostname="EPHUBUDW2232" name="tests.weapons.LaserBeamTest" tests="8" failures="0" timestamp="8 Aug 2016 07:50:02 GMT" time="0.022" errors="0">
  <testcase name="testLaserBeam_shouldCreateLaserBeam_YCoordinate" time="0.000" classname="tests.weapons.LaserBeamTest"/>
  <testcase name="testLaserBeam_shouldCreateLaserBeam_XCoordinate" time="0.000" classname="tests.weapons.LaserBeamTest"/>
  <testcase name="testLaserBeam_shouldCreateLaserBeam_YCoordinate" time="0.000" classname="tests.weapons.LaserBeamTest"/>
  <testcase name="testLaserBeam_shouldCreateLaserBeam_YCoordinate" time="0.000" classname="tests.weapons.LaserBeamTest"/>
  <testcase name="testLaserBeam_shouldCreateLaserBeam_XCoordinate" time="0.000" classname="tests.weapons.LaserBeamTest"/>
  <testcase name="testLaserBeam_shouldCreateLaserBeam_XCoordinate" time="0.022" classname="tests.weapons.LaserBeamTest"/>
  <testcase name="testLaserBeam_shouldCreateLaserBeam_XCoordinate" time="0.000" classname="tests.weapons.LaserBeamTest"/>
  <testcase name="testLaserBeam_shouldCreateLaserBeam_YCoordinate" time="0.000" classname="tests.weapons.LaserBeamTest"/>
</testsuite> <!-- tests.weapons.LaserBeamTest -->
