<?xml version="1.0" encoding="UTF-8"?>
<!-- Generated by org.testng.reporters.JUnitReportReporter -->
<testsuite hostname="EPHUBUDW2232" name="tests.weapons.BulletDataTest" tests="1" failures="0" timestamp="8 Aug 2016 13:27:09 GMT" time="0.000" errors="0">
  <testcase name="testPhysicalRepresentation" time="0.000" classname="tests.weapons.BulletDataTest"/>
</testsuite> <!-- tests.weapons.BulletDataTest -->
