<?xml version="1.0" encoding="UTF-8"?>
<!-- Generated by org.testng.reporters.JUnitReportReporter -->
<testsuite hostname="EPHUBUDW2232" name="tests.weapons.LaserBeamTest" tests="4" failures="0" timestamp="8 Aug 2016 07:35:11 GMT" time="0.015" errors="0">
  <testcase name="testLaserBeam_shouldCreateLaserBeam_0Angle_XEqualsTo_150" time="0.015" classname="tests.weapons.LaserBeamTest"/>
  <testcase name="testLaserBeam_shouldCreateLaserBeam_0Angle_YEqualsTo_0" time="0.000" classname="tests.weapons.LaserBeamTest"/>
  <testcase name="testLaserBeam_shouldCreateLaserBeam_90Angle_XEqualsTo_0" time="0.000" classname="tests.weapons.LaserBeamTest"/>
  <testcase name="testLaserBeam_shouldCreateLaserBeam_90angle_YEqualsTo_minus150" time="0.000" classname="tests.weapons.LaserBeamTest"/>
</testsuite> <!-- tests.weapons.LaserBeamTest -->
